<?xml version="1.0" encoding="UTF-8"?>
<testsuite xmlns:xsi="http://www.w3.org/2001/XMLSchema-instance" xsi:noNamespaceSchemaLocation="https://maven.apache.org/surefire/maven-surefire-plugin/xsd/surefire-test-report.xsd" name="com.parkit.parkingsystem.InputReaderUtilTest" time="0.692" tests="4" errors="1" skipped="0" failures="1">
  <properties>
    <property name="sun.desktop" value="windows"/>
    <property name="awt.toolkit" value="sun.awt.windows.WToolkit"/>
    <property name="java.specification.version" value="11"/>
    <property name="sun.cpu.isalist" value="amd64"/>
    <property name="sun.jnu.encoding" value="Cp1252"/>
    <property name="java.class.path" value="C:\Users\hamza benzy\Desktop\OpenClassRooms projet04\parkingsystem\target\test-classes;C:\Users\hamza benzy\Desktop\OpenClassRooms projet04\parkingsystem\target\classes;C:\Users\hamza benzy\.m2\repository\org\apache\logging\log4j\log4j-api\2.12.1\log4j-api-2.12.1.jar;C:\Users\hamza benzy\.m2\repository\org\apache\logging\log4j\log4j-core\2.12.1\log4j-core-2.12.1.jar;C:\Users\hamza benzy\.m2\repository\mysql\mysql-connector-java\8.0.17\mysql-connector-java-8.0.17.jar;C:\Users\hamza benzy\.m2\repository\com\google\protobuf\protobuf-java\3.6.1\protobuf-java-3.6.1.jar;C:\Users\hamza benzy\.m2\repository\org\junit\jupiter\junit-jupiter-api\5.3.2\junit-jupiter-api-5.3.2.jar;C:\Users\hamza benzy\.m2\repository\org\apiguardian\apiguardian-api\1.0.0\apiguardian-api-1.0.0.jar;C:\Users\hamza benzy\.m2\repository\org\opentest4j\opentest4j\1.1.1\opentest4j-1.1.1.jar;C:\Users\hamza benzy\.m2\repository\org\junit\platform\junit-platform-commons\1.3.2\junit-platform-commons-1.3.2.jar;C:\Users\hamza benzy\.m2\repository\org\junit\jupiter\junit-jupiter-engine\5.3.2\junit-jupiter-engine-5.3.2.jar;C:\Users\hamza benzy\.m2\repository\org\junit\platform\junit-platform-engine\1.3.2\junit-platform-engine-1.3.2.jar;C:\Users\hamza benzy\.m2\repository\org\mockito\mockito-junit-jupiter\2.23.4\mockito-junit-jupiter-2.23.4.jar;C:\Users\hamza benzy\.m2\repository\org\mockito\mockito-core\2.23.4\mockito-core-2.23.4.jar;C:\Users\hamza benzy\.m2\repository\net\bytebuddy\byte-buddy\1.9.3\byte-buddy-1.9.3.jar;C:\Users\hamza benzy\.m2\repository\net\bytebuddy\byte-buddy-agent\1.9.3\byte-buddy-agent-1.9.3.jar;C:\Users\hamza benzy\.m2\repository\org\objenesis\objenesis\2.6\objenesis-2.6.jar;C:\Users\hamza benzy\.m2\repository\org\jacoco\jacoco-maven-plugin\0.8.8\jacoco-maven-plugin-0.8.8.jar;C:\Users\hamza benzy\.m2\repository\org\codehaus\plexus\plexus-utils\3.0.22\plexus-utils-3.0.22.jar;C:\Users\hamza benzy\.m2\repository\org\apache\maven\shared\file-management\1.2.1\file-management-1.2.1.jar;C:\Users\hamza benzy\.m2\repository\org\apache\maven\reporting\maven-reporting-api\3.0\maven-reporting-api-3.0.jar;C:\Users\hamza benzy\.m2\repository\org\jacoco\org.jacoco.agent\0.8.8\org.jacoco.agent-0.8.8-runtime.jar;C:\Users\hamza benzy\.m2\repository\org\jacoco\org.jacoco.core\0.8.8\org.jacoco.core-0.8.8.jar;C:\Users\hamza benzy\.m2\repository\org\jacoco\org.jacoco.report\0.8.8\org.jacoco.report-0.8.8.jar;C:\Users\hamza benzy\.m2\repository\org\apache\maven\plugins\maven-assembly-plugin\3.0.0\maven-assembly-plugin-3.0.0.jar;C:\Users\hamza benzy\.m2\repository\org\apache\maven\maven-plugin-api\3.0\maven-plugin-api-3.0.jar;C:\Users\hamza benzy\.m2\repository\org\sonatype\sisu\sisu-inject-plexus\1.4.2\sisu-inject-plexus-1.4.2.jar;C:\Users\hamza benzy\.m2\repository\org\sonatype\sisu\sisu-inject-bean\1.4.2\sisu-inject-bean-1.4.2.jar;C:\Users\hamza benzy\.m2\repository\org\sonatype\sisu\sisu-guice\2.1.7\sisu-guice-2.1.7-noaop.jar;C:\Users\hamza benzy\.m2\repository\org\apache\maven\maven-core\3.0\maven-core-3.0.jar;C:\Users\hamza benzy\.m2\repository\org\apache\maven\maven-settings\3.0\maven-settings-3.0.jar;C:\Users\hamza benzy\.m2\repository\org\apache\maven\maven-settings-builder\3.0\maven-settings-builder-3.0.jar;C:\Users\hamza benzy\.m2\repository\org\apache\maven\maven-repository-metadata\3.0\maven-repository-metadata-3.0.jar;C:\Users\hamza benzy\.m2\repository\org\apache\maven\maven-model-builder\3.0\maven-model-builder-3.0.jar;C:\Users\hamza benzy\.m2\repository\org\apache\maven\maven-aether-provider\3.0\maven-aether-provider-3.0.jar;C:\Users\hamza benzy\.m2\repository\org\sonatype\aether\aether-impl\1.7\aether-impl-1.7.jar;C:\Users\hamza benzy\.m2\repository\org\sonatype\aether\aether-spi\1.7\aether-spi-1.7.jar;C:\Users\hamza benzy\.m2\repository\org\sonatype\aether\aether-api\1.7\aether-api-1.7.jar;C:\Users\hamza benzy\.m2\repository\org\sonatype\aether\aether-util\1.7\aether-util-1.7.jar;C:\Users\hamza benzy\.m2\repository\org\codehaus\plexus\plexus-classworlds\2.2.3\plexus-classworlds-2.2.3.jar;C:\Users\hamza benzy\.m2\repository\org\codehaus\plexus\plexus-component-annotations\1.5.5\plexus-component-annotations-1.5.5.jar;C:\Users\hamza benzy\.m2\repository\org\sonatype\plexus\plexus-sec-dispatcher\1.3\plexus-sec-dispatcher-1.3.jar;C:\Users\hamza benzy\.m2\repository\org\sonatype\plexus\plexus-cipher\1.4\plexus-cipher-1.4.jar;C:\Users\hamza benzy\.m2\repository\org\apache\maven\maven-artifact\3.0\maven-artifact-3.0.jar;C:\Users\hamza benzy\.m2\repository\org\apache\maven\maven-model\3.0\maven-model-3.0.jar;C:\Users\hamza benzy\.m2\repository\org\apache\maven\shared\maven-common-artifact-filters\3.0.1\maven-common-artifact-filters-3.0.1.jar;C:\Users\hamza benzy\.m2\repository\org\apache\maven\shared\maven-artifact-transfer\0.9.0\maven-artifact-transfer-0.9.0.jar;C:\Users\hamza benzy\.m2\repository\org\codehaus\plexus\plexus-interpolation\1.24\plexus-interpolation-1.24.jar;C:\Users\hamza benzy\.m2\repository\org\codehaus\plexus\plexus-archiver\3.4\plexus-archiver-3.4.jar;C:\Users\hamza benzy\.m2\repository\org\apache\commons\commons-compress\1.11\commons-compress-1.11.jar;C:\Users\hamza benzy\.m2\repository\org\iq80\snappy\snappy\0.4\snappy-0.4.jar;C:\Users\hamza benzy\.m2\repository\org\tukaani\xz\1.5\xz-1.5.jar;C:\Users\hamza benzy\.m2\repository\org\apache\maven\shared\maven-shared-io\3.0.0\maven-shared-io-3.0.0.jar;C:\Users\hamza benzy\.m2\repository\org\apache\maven\maven-compat\3.0\maven-compat-3.0.jar;C:\Users\hamza benzy\.m2\repository\org\apache\maven\wagon\wagon-provider-api\2.10\wagon-provider-api-2.10.jar;C:\Users\hamza benzy\.m2\repository\commons-io\commons-io\2.5\commons-io-2.5.jar;C:\Users\hamza benzy\.m2\repository\org\apache\maven\shared\maven-filtering\3.1.1\maven-filtering-3.1.1.jar;C:\Users\hamza benzy\.m2\repository\org\sonatype\plexus\plexus-build-api\0.0.7\plexus-build-api-0.0.7.jar;C:\Users\hamza benzy\.m2\repository\org\codehaus\plexus\plexus-io\2.7.1\plexus-io-2.7.1.jar;C:\Users\hamza benzy\.m2\repository\org\apache\maven\maven-archiver\3.1.1\maven-archiver-3.1.1.jar;C:\Users\hamza benzy\.m2\repository\commons-codec\commons-codec\1.6\commons-codec-1.6.jar;C:\Users\hamza benzy\.m2\repository\com\github\spotbugs\spotbugs-maven-plugin\4.7.2.1\spotbugs-maven-plugin-4.7.2.1.jar;C:\Users\hamza benzy\.m2\repository\com\github\spotbugs\spotbugs\4.7.2\spotbugs-4.7.2.jar;C:\Users\hamza benzy\.m2\repository\org\apache\bcel\bcel\6.5.0\bcel-6.5.0.jar;C:\Users\hamza benzy\.m2\repository\net\jcip\jcip-annotations\1.0\jcip-annotations-1.0.jar;C:\Users\hamza benzy\.m2\repository\org\dom4j\dom4j\2.1.3\dom4j-2.1.3.jar;C:\Users\hamza benzy\.m2\repository\org\apache\commons\commons-text\1.9\commons-text-1.9.jar;C:\Users\hamza benzy\.m2\repository\com\github\spotbugs\spotbugs-annotations\4.7.2\spotbugs-annotations-4.7.2.jar;C:\Users\hamza benzy\.m2\repository\com\google\code\findbugs\jsr305\3.0.2\jsr305-3.0.2.jar;C:\Users\hamza benzy\.m2\repository\com\google\code\gson\gson\2.9.1\gson-2.9.1.jar;C:\Users\hamza benzy\.m2\repository\jaxen\jaxen\1.2.0\jaxen-1.2.0.jar;C:\Users\hamza benzy\.m2\repository\net\sf\saxon\Saxon-HE\11.4\Saxon-HE-11.4.jar;C:\Users\hamza benzy\.m2\repository\org\xmlresolver\xmlresolver\4.4.3\xmlresolver-4.4.3.jar;C:\Users\hamza benzy\.m2\repository\org\apache\httpcomponents\client5\httpclient5\5.1.3\httpclient5-5.1.3.jar;C:\Users\hamza benzy\.m2\repository\org\apache\httpcomponents\core5\httpcore5-h2\5.1.3\httpcore5-h2-5.1.3.jar;C:\Users\hamza benzy\.m2\repository\org\apache\httpcomponents\core5\httpcore5\5.1.3\httpcore5-5.1.3.jar;C:\Users\hamza benzy\.m2\repository\xml-apis\xml-apis\1.4.01\xml-apis-1.4.01.jar;C:\Users\hamza benzy\.m2\repository\org\xmlresolver\xmlresolver\4.4.3\xmlresolver-4.4.3-data.jar;C:\Users\hamza benzy\.m2\repository\org\slf4j\jcl-over-slf4j\2.0.3\jcl-over-slf4j-2.0.3.jar;C:\Users\hamza benzy\.m2\repository\org\slf4j\slf4j-api\2.0.3\slf4j-api-2.0.3.jar;C:\Users\hamza benzy\.m2\repository\org\slf4j\slf4j-simple\2.0.3\slf4j-simple-2.0.3.jar;C:\Users\hamza benzy\.m2\repository\org\ow2\asm\asm\9.4\asm-9.4.jar;C:\Users\hamza benzy\.m2\repository\org\ow2\asm\asm-analysis\9.4\asm-analysis-9.4.jar;C:\Users\hamza benzy\.m2\repository\org\ow2\asm\asm-commons\9.4\asm-commons-9.4.jar;C:\Users\hamza benzy\.m2\repository\org\ow2\asm\asm-tree\9.4\asm-tree-9.4.jar;C:\Users\hamza benzy\.m2\repository\org\ow2\asm\asm-util\9.4\asm-util-9.4.jar;C:\Users\hamza benzy\.m2\repository\org\apache\ant\ant\1.10.12\ant-1.10.12.jar;C:\Users\hamza benzy\.m2\repository\org\apache\ant\ant-launcher\1.10.12\ant-launcher-1.10.12.jar;C:\Users\hamza benzy\.m2\repository\org\apache\groovy\groovy\4.0.5\groovy-4.0.5.jar;C:\Users\hamza benzy\.m2\repository\org\apache\groovy\groovy-ant\4.0.5\groovy-ant-4.0.5.jar;C:\Users\hamza benzy\.m2\repository\org\apache\groovy\groovy-groovydoc\4.0.5\groovy-groovydoc-4.0.5.jar;C:\Users\hamza benzy\.m2\repository\org\apache\groovy\groovy-dateutil\4.0.5\groovy-dateutil-4.0.5.jar;C:\Users\hamza benzy\.m2\repository\org\apache\groovy\groovy-docgenerator\4.0.5\groovy-docgenerator-4.0.5.jar;C:\Users\hamza benzy\.m2\repository\com\thoughtworks\qdox\qdox\1.12.1\qdox-1.12.1.jar;C:\Users\hamza benzy\.m2\repository\org\apache\groovy\groovy-json\4.0.5\groovy-json-4.0.5.jar;C:\Users\hamza benzy\.m2\repository\org\apache\groovy\groovy-templates\4.0.5\groovy-templates-4.0.5.jar;C:\Users\hamza benzy\.m2\repository\org\apache\groovy\groovy-xml\4.0.5\groovy-xml-4.0.5.jar;C:\Users\hamza benzy\.m2\repository\com\github\javaparser\javaparser-core\3.24.4\javaparser-core-3.24.4.jar;C:\Users\hamza benzy\.m2\repository\org\apache\maven\reporting\maven-reporting-impl\3.2.0\maven-reporting-impl-3.2.0.jar;C:\Users\hamza benzy\.m2\repository\org\apache\maven\shared\maven-shared-utils\3.3.4\maven-shared-utils-3.3.4.jar;C:\Users\hamza benzy\.m2\repository\org\apache\maven\doxia\doxia-core\1.11.1\doxia-core-1.11.1.jar;C:\Users\hamza benzy\.m2\repository\org\apache\maven\doxia\doxia-logging-api\1.11.1\doxia-logging-api-1.11.1.jar;C:\Users\hamza benzy\.m2\repository\org\apache\httpcomponents\httpclient\4.5.13\httpclient-4.5.13.jar;C:\Users\hamza benzy\.m2\repository\org\apache\httpcomponents\httpcore\4.4.14\httpcore-4.4.14.jar;C:\Users\hamza benzy\.m2\repository\org\apache\maven\doxia\doxia-sink-api\1.11.1\doxia-sink-api-1.11.1.jar;C:\Users\hamza benzy\.m2\repository\org\apache\maven\doxia\doxia-decoration-model\1.11.1\doxia-decoration-model-1.11.1.jar;C:\Users\hamza benzy\.m2\repository\org\apache\maven\doxia\doxia-site-renderer\1.11.1\doxia-site-renderer-1.11.1.jar;C:\Users\hamza benzy\.m2\repository\org\apache\maven\doxia\doxia-skin-model\1.11.1\doxia-skin-model-1.11.1.jar;C:\Users\hamza benzy\.m2\repository\org\apache\maven\doxia\doxia-module-xhtml\1.11.1\doxia-module-xhtml-1.11.1.jar;C:\Users\hamza benzy\.m2\repository\org\apache\maven\doxia\doxia-module-xhtml5\1.11.1\doxia-module-xhtml5-1.11.1.jar;C:\Users\hamza benzy\.m2\repository\org\codehaus\plexus\plexus-i18n\1.0-beta-10\plexus-i18n-1.0-beta-10.jar;C:\Users\hamza benzy\.m2\repository\org\codehaus\plexus\plexus-velocity\1.2\plexus-velocity-1.2.jar;C:\Users\hamza benzy\.m2\repository\org\apache\velocity\velocity\1.7\velocity-1.7.jar;C:\Users\hamza benzy\.m2\repository\org\apache\velocity\velocity-tools\2.0\velocity-tools-2.0.jar;C:\Users\hamza benzy\.m2\repository\oro\oro\2.0.8\oro-2.0.8.jar;C:\Users\hamza benzy\.m2\repository\org\apache\maven\doxia\doxia-integration-tools\1.11.1\doxia-integration-tools-1.11.1.jar;C:\Users\hamza benzy\.m2\repository\commons-beanutils\commons-beanutils\1.9.4\commons-beanutils-1.9.4.jar;C:\Users\hamza benzy\.m2\repository\commons-chain\commons-chain\1.2\commons-chain-1.2.jar;C:\Users\hamza benzy\.m2\repository\commons-collections\commons-collections\3.2.2\commons-collections-3.2.2.jar;C:\Users\hamza benzy\.m2\repository\commons-digester\commons-digester\2.1\commons-digester-2.1.jar;C:\Users\hamza benzy\.m2\repository\commons-lang\commons-lang\2.6\commons-lang-2.6.jar;C:\Users\hamza benzy\.m2\repository\org\apache\commons\commons-lang3\3.12.0\commons-lang3-3.12.0.jar;C:\Users\hamza benzy\.m2\repository\org\codehaus\plexus\plexus-container-default\2.1.1\plexus-container-default-2.1.1.jar;C:\Users\hamza benzy\.m2\repository\org\apache\xbean\xbean-reflect\3.7\xbean-reflect-3.7.jar;C:\Users\hamza benzy\.m2\repository\junit\junit\4.13.2\junit-4.13.2.jar;C:\Users\hamza benzy\.m2\repository\org\hamcrest\hamcrest-core\1.3\hamcrest-core-1.3.jar;C:\Users\hamza benzy\.m2\repository\org\codehaus\plexus\plexus-resources\1.2.0\plexus-resources-1.2.0.jar;C:\Users\hamza benzy\.m2\repository\javax\inject\javax.inject\1\javax.inject-1.jar;"/>
    <property name="java.vm.vendor" value="Oracle Corporation"/>
    <property name="sun.arch.data.model" value="64"/>
    <property name="user.variant" value=""/>
    <property name="java.vendor.url" value="http://java.oracle.com/"/>
    <property name="user.timezone" value=""/>
    <property name="java.vm.specification.version" value="11"/>
    <property name="os.name" value="Windows 10"/>
    <property name="sun.java.launcher" value="SUN_STANDARD"/>
    <property name="user.country" value="FR"/>
    <property name="sun.boot.library.path" value="C:\Program Files\Java\jdk-11.0.2\bin"/>
    <property name="sun.java.command" value="C:\Users\HAMZAB~1\AppData\Local\Temp\surefire13391958361993280493\surefirebooter5568836592291671681.jar C:\Users\hamza benzy\AppData\Local\Temp\surefire13391958361993280493 2023-02-22T18-13-34_127-jvmRun1 surefire16444687896585782201tmp surefire_017209482465399959235tmp"/>
    <property name="jdk.debug" value="release"/>
    <property name="surefire.test.class.path" value="C:\Users\hamza benzy\Desktop\OpenClassRooms projet04\parkingsystem\target\test-classes;C:\Users\hamza benzy\Desktop\OpenClassRooms projet04\parkingsystem\target\classes;C:\Users\hamza benzy\.m2\repository\org\apache\logging\log4j\log4j-api\2.12.1\log4j-api-2.12.1.jar;C:\Users\hamza benzy\.m2\repository\org\apache\logging\log4j\log4j-core\2.12.1\log4j-core-2.12.1.jar;C:\Users\hamza benzy\.m2\repository\mysql\mysql-connector-java\8.0.17\mysql-connector-java-8.0.17.jar;C:\Users\hamza benzy\.m2\repository\com\google\protobuf\protobuf-java\3.6.1\protobuf-java-3.6.1.jar;C:\Users\hamza benzy\.m2\repository\org\junit\jupiter\junit-jupiter-api\5.3.2\junit-jupiter-api-5.3.2.jar;C:\Users\hamza benzy\.m2\repository\org\apiguardian\apiguardian-api\1.0.0\apiguardian-api-1.0.0.jar;C:\Users\hamza benzy\.m2\repository\org\opentest4j\opentest4j\1.1.1\opentest4j-1.1.1.jar;C:\Users\hamza benzy\.m2\repository\org\junit\platform\junit-platform-commons\1.3.2\junit-platform-commons-1.3.2.jar;C:\Users\hamza benzy\.m2\repository\org\junit\jupiter\junit-jupiter-engine\5.3.2\junit-jupiter-engine-5.3.2.jar;C:\Users\hamza benzy\.m2\repository\org\junit\platform\junit-platform-engine\1.3.2\junit-platform-engine-1.3.2.jar;C:\Users\hamza benzy\.m2\repository\org\mockito\mockito-junit-jupiter\2.23.4\mockito-junit-jupiter-2.23.4.jar;C:\Users\hamza benzy\.m2\repository\org\mockito\mockito-core\2.23.4\mockito-core-2.23.4.jar;C:\Users\hamza benzy\.m2\repository\net\bytebuddy\byte-buddy\1.9.3\byte-buddy-1.9.3.jar;C:\Users\hamza benzy\.m2\repository\net\bytebuddy\byte-buddy-agent\1.9.3\byte-buddy-agent-1.9.3.jar;C:\Users\hamza benzy\.m2\repository\org\objenesis\objenesis\2.6\objenesis-2.6.jar;C:\Users\hamza benzy\.m2\repository\org\jacoco\jacoco-maven-plugin\0.8.8\jacoco-maven-plugin-0.8.8.jar;C:\Users\hamza benzy\.m2\repository\org\codehaus\plexus\plexus-utils\3.0.22\plexus-utils-3.0.22.jar;C:\Users\hamza benzy\.m2\repository\org\apache\maven\shared\file-management\1.2.1\file-management-1.2.1.jar;C:\Users\hamza benzy\.m2\repository\org\apache\maven\reporting\maven-reporting-api\3.0\maven-reporting-api-3.0.jar;C:\Users\hamza benzy\.m2\repository\org\jacoco\org.jacoco.agent\0.8.8\org.jacoco.agent-0.8.8-runtime.jar;C:\Users\hamza benzy\.m2\repository\org\jacoco\org.jacoco.core\0.8.8\org.jacoco.core-0.8.8.jar;C:\Users\hamza benzy\.m2\repository\org\jacoco\org.jacoco.report\0.8.8\org.jacoco.report-0.8.8.jar;C:\Users\hamza benzy\.m2\repository\org\apache\maven\plugins\maven-assembly-plugin\3.0.0\maven-assembly-plugin-3.0.0.jar;C:\Users\hamza benzy\.m2\repository\org\apache\maven\maven-plugin-api\3.0\maven-plugin-api-3.0.jar;C:\Users\hamza benzy\.m2\repository\org\sonatype\sisu\sisu-inject-plexus\1.4.2\sisu-inject-plexus-1.4.2.jar;C:\Users\hamza benzy\.m2\repository\org\sonatype\sisu\sisu-inject-bean\1.4.2\sisu-inject-bean-1.4.2.jar;C:\Users\hamza benzy\.m2\repository\org\sonatype\sisu\sisu-guice\2.1.7\sisu-guice-2.1.7-noaop.jar;C:\Users\hamza benzy\.m2\repository\org\apache\maven\maven-core\3.0\maven-core-3.0.jar;C:\Users\hamza benzy\.m2\repository\org\apache\maven\maven-settings\3.0\maven-settings-3.0.jar;C:\Users\hamza benzy\.m2\repository\org\apache\maven\maven-settings-builder\3.0\maven-settings-builder-3.0.jar;C:\Users\hamza benzy\.m2\repository\org\apache\maven\maven-repository-metadata\3.0\maven-repository-metadata-3.0.jar;C:\Users\hamza benzy\.m2\repository\org\apache\maven\maven-model-builder\3.0\maven-model-builder-3.0.jar;C:\Users\hamza benzy\.m2\repository\org\apache\maven\maven-aether-provider\3.0\maven-aether-provider-3.0.jar;C:\Users\hamza benzy\.m2\repository\org\sonatype\aether\aether-impl\1.7\aether-impl-1.7.jar;C:\Users\hamza benzy\.m2\repository\org\sonatype\aether\aether-spi\1.7\aether-spi-1.7.jar;C:\Users\hamza benzy\.m2\repository\org\sonatype\aether\aether-api\1.7\aether-api-1.7.jar;C:\Users\hamza benzy\.m2\repository\org\sonatype\aether\aether-util\1.7\aether-util-1.7.jar;C:\Users\hamza benzy\.m2\repository\org\codehaus\plexus\plexus-classworlds\2.2.3\plexus-classworlds-2.2.3.jar;C:\Users\hamza benzy\.m2\repository\org\codehaus\plexus\plexus-component-annotations\1.5.5\plexus-component-annotations-1.5.5.jar;C:\Users\hamza benzy\.m2\repository\org\sonatype\plexus\plexus-sec-dispatcher\1.3\plexus-sec-dispatcher-1.3.jar;C:\Users\hamza benzy\.m2\repository\org\sonatype\plexus\plexus-cipher\1.4\plexus-cipher-1.4.jar;C:\Users\hamza benzy\.m2\repository\org\apache\maven\maven-artifact\3.0\maven-artifact-3.0.jar;C:\Users\hamza benzy\.m2\repository\org\apache\maven\maven-model\3.0\maven-model-3.0.jar;C:\Users\hamza benzy\.m2\repository\org\apache\maven\shared\maven-common-artifact-filters\3.0.1\maven-common-artifact-filters-3.0.1.jar;C:\Users\hamza benzy\.m2\repository\org\apache\maven\shared\maven-artifact-transfer\0.9.0\maven-artifact-transfer-0.9.0.jar;C:\Users\hamza benzy\.m2\repository\org\codehaus\plexus\plexus-interpolation\1.24\plexus-interpolation-1.24.jar;C:\Users\hamza benzy\.m2\repository\org\codehaus\plexus\plexus-archiver\3.4\plexus-archiver-3.4.jar;C:\Users\hamza benzy\.m2\repository\org\apache\commons\commons-compress\1.11\commons-compress-1.11.jar;C:\Users\hamza benzy\.m2\repository\org\iq80\snappy\snappy\0.4\snappy-0.4.jar;C:\Users\hamza benzy\.m2\repository\org\tukaani\xz\1.5\xz-1.5.jar;C:\Users\hamza benzy\.m2\repository\org\apache\maven\shared\maven-shared-io\3.0.0\maven-shared-io-3.0.0.jar;C:\Users\hamza benzy\.m2\repository\org\apache\maven\maven-compat\3.0\maven-compat-3.0.jar;C:\Users\hamza benzy\.m2\repository\org\apache\maven\wagon\wagon-provider-api\2.10\wagon-provider-api-2.10.jar;C:\Users\hamza benzy\.m2\repository\commons-io\commons-io\2.5\commons-io-2.5.jar;C:\Users\hamza benzy\.m2\repository\org\apache\maven\shared\maven-filtering\3.1.1\maven-filtering-3.1.1.jar;C:\Users\hamza benzy\.m2\repository\org\sonatype\plexus\plexus-build-api\0.0.7\plexus-build-api-0.0.7.jar;C:\Users\hamza benzy\.m2\repository\org\codehaus\plexus\plexus-io\2.7.1\plexus-io-2.7.1.jar;C:\Users\hamza benzy\.m2\repository\org\apache\maven\maven-archiver\3.1.1\maven-archiver-3.1.1.jar;C:\Users\hamza benzy\.m2\repository\commons-codec\commons-codec\1.6\commons-codec-1.6.jar;C:\Users\hamza benzy\.m2\repository\com\github\spotbugs\spotbugs-maven-plugin\4.7.2.1\spotbugs-maven-plugin-4.7.2.1.jar;C:\Users\hamza benzy\.m2\repository\com\github\spotbugs\spotbugs\4.7.2\spotbugs-4.7.2.jar;C:\Users\hamza benzy\.m2\repository\org\apache\bcel\bcel\6.5.0\bcel-6.5.0.jar;C:\Users\hamza benzy\.m2\repository\net\jcip\jcip-annotations\1.0\jcip-annotations-1.0.jar;C:\Users\hamza benzy\.m2\repository\org\dom4j\dom4j\2.1.3\dom4j-2.1.3.jar;C:\Users\hamza benzy\.m2\repository\org\apache\commons\commons-text\1.9\commons-text-1.9.jar;C:\Users\hamza benzy\.m2\repository\com\github\spotbugs\spotbugs-annotations\4.7.2\spotbugs-annotations-4.7.2.jar;C:\Users\hamza benzy\.m2\repository\com\google\code\findbugs\jsr305\3.0.2\jsr305-3.0.2.jar;C:\Users\hamza benzy\.m2\repository\com\google\code\gson\gson\2.9.1\gson-2.9.1.jar;C:\Users\hamza benzy\.m2\repository\jaxen\jaxen\1.2.0\jaxen-1.2.0.jar;C:\Users\hamza benzy\.m2\repository\net\sf\saxon\Saxon-HE\11.4\Saxon-HE-11.4.jar;C:\Users\hamza benzy\.m2\repository\org\xmlresolver\xmlresolver\4.4.3\xmlresolver-4.4.3.jar;C:\Users\hamza benzy\.m2\repository\org\apache\httpcomponents\client5\httpclient5\5.1.3\httpclient5-5.1.3.jar;C:\Users\hamza benzy\.m2\repository\org\apache\httpcomponents\core5\httpcore5-h2\5.1.3\httpcore5-h2-5.1.3.jar;C:\Users\hamza benzy\.m2\repository\org\apache\httpcomponents\core5\httpcore5\5.1.3\httpcore5-5.1.3.jar;C:\Users\hamza benzy\.m2\repository\xml-apis\xml-apis\1.4.01\xml-apis-1.4.01.jar;C:\Users\hamza benzy\.m2\repository\org\xmlresolver\xmlresolver\4.4.3\xmlresolver-4.4.3-data.jar;C:\Users\hamza benzy\.m2\repository\org\slf4j\jcl-over-slf4j\2.0.3\jcl-over-slf4j-2.0.3.jar;C:\Users\hamza benzy\.m2\repository\org\slf4j\slf4j-api\2.0.3\slf4j-api-2.0.3.jar;C:\Users\hamza benzy\.m2\repository\org\slf4j\slf4j-simple\2.0.3\slf4j-simple-2.0.3.jar;C:\Users\hamza benzy\.m2\repository\org\ow2\asm\asm\9.4\asm-9.4.jar;C:\Users\hamza benzy\.m2\repository\org\ow2\asm\asm-analysis\9.4\asm-analysis-9.4.jar;C:\Users\hamza benzy\.m2\repository\org\ow2\asm\asm-commons\9.4\asm-commons-9.4.jar;C:\Users\hamza benzy\.m2\repository\org\ow2\asm\asm-tree\9.4\asm-tree-9.4.jar;C:\Users\hamza benzy\.m2\repository\org\ow2\asm\asm-util\9.4\asm-util-9.4.jar;C:\Users\hamza benzy\.m2\repository\org\apache\ant\ant\1.10.12\ant-1.10.12.jar;C:\Users\hamza benzy\.m2\repository\org\apache\ant\ant-launcher\1.10.12\ant-launcher-1.10.12.jar;C:\Users\hamza benzy\.m2\repository\org\apache\groovy\groovy\4.0.5\groovy-4.0.5.jar;C:\Users\hamza benzy\.m2\repository\org\apache\groovy\groovy-ant\4.0.5\groovy-ant-4.0.5.jar;C:\Users\hamza benzy\.m2\repository\org\apache\groovy\groovy-groovydoc\4.0.5\groovy-groovydoc-4.0.5.jar;C:\Users\hamza benzy\.m2\repository\org\apache\groovy\groovy-dateutil\4.0.5\groovy-dateutil-4.0.5.jar;C:\Users\hamza benzy\.m2\repository\org\apache\groovy\groovy-docgenerator\4.0.5\groovy-docgenerator-4.0.5.jar;C:\Users\hamza benzy\.m2\repository\com\thoughtworks\qdox\qdox\1.12.1\qdox-1.12.1.jar;C:\Users\hamza benzy\.m2\repository\org\apache\groovy\groovy-json\4.0.5\groovy-json-4.0.5.jar;C:\Users\hamza benzy\.m2\repository\org\apache\groovy\groovy-templates\4.0.5\groovy-templates-4.0.5.jar;C:\Users\hamza benzy\.m2\repository\org\apache\groovy\groovy-xml\4.0.5\groovy-xml-4.0.5.jar;C:\Users\hamza benzy\.m2\repository\com\github\javaparser\javaparser-core\3.24.4\javaparser-core-3.24.4.jar;C:\Users\hamza benzy\.m2\repository\org\apache\maven\reporting\maven-reporting-impl\3.2.0\maven-reporting-impl-3.2.0.jar;C:\Users\hamza benzy\.m2\repository\org\apache\maven\shared\maven-shared-utils\3.3.4\maven-shared-utils-3.3.4.jar;C:\Users\hamza benzy\.m2\repository\org\apache\maven\doxia\doxia-core\1.11.1\doxia-core-1.11.1.jar;C:\Users\hamza benzy\.m2\repository\org\apache\maven\doxia\doxia-logging-api\1.11.1\doxia-logging-api-1.11.1.jar;C:\Users\hamza benzy\.m2\repository\org\apache\httpcomponents\httpclient\4.5.13\httpclient-4.5.13.jar;C:\Users\hamza benzy\.m2\repository\org\apache\httpcomponents\httpcore\4.4.14\httpcore-4.4.14.jar;C:\Users\hamza benzy\.m2\repository\org\apache\maven\doxia\doxia-sink-api\1.11.1\doxia-sink-api-1.11.1.jar;C:\Users\hamza benzy\.m2\repository\org\apache\maven\doxia\doxia-decoration-model\1.11.1\doxia-decoration-model-1.11.1.jar;C:\Users\hamza benzy\.m2\repository\org\apache\maven\doxia\doxia-site-renderer\1.11.1\doxia-site-renderer-1.11.1.jar;C:\Users\hamza benzy\.m2\repository\org\apache\maven\doxia\doxia-skin-model\1.11.1\doxia-skin-model-1.11.1.jar;C:\Users\hamza benzy\.m2\repository\org\apache\maven\doxia\doxia-module-xhtml\1.11.1\doxia-module-xhtml-1.11.1.jar;C:\Users\hamza benzy\.m2\repository\org\apache\maven\doxia\doxia-module-xhtml5\1.11.1\doxia-module-xhtml5-1.11.1.jar;C:\Users\hamza benzy\.m2\repository\org\codehaus\plexus\plexus-i18n\1.0-beta-10\plexus-i18n-1.0-beta-10.jar;C:\Users\hamza benzy\.m2\repository\org\codehaus\plexus\plexus-velocity\1.2\plexus-velocity-1.2.jar;C:\Users\hamza benzy\.m2\repository\org\apache\velocity\velocity\1.7\velocity-1.7.jar;C:\Users\hamza benzy\.m2\repository\org\apache\velocity\velocity-tools\2.0\velocity-tools-2.0.jar;C:\Users\hamza benzy\.m2\repository\oro\oro\2.0.8\oro-2.0.8.jar;C:\Users\hamza benzy\.m2\repository\org\apache\maven\doxia\doxia-integration-tools\1.11.1\doxia-integration-tools-1.11.1.jar;C:\Users\hamza benzy\.m2\repository\commons-beanutils\commons-beanutils\1.9.4\commons-beanutils-1.9.4.jar;C:\Users\hamza benzy\.m2\repository\commons-chain\commons-chain\1.2\commons-chain-1.2.jar;C:\Users\hamza benzy\.m2\repository\commons-collections\commons-collections\3.2.2\commons-collections-3.2.2.jar;C:\Users\hamza benzy\.m2\repository\commons-digester\commons-digester\2.1\commons-digester-2.1.jar;C:\Users\hamza benzy\.m2\repository\commons-lang\commons-lang\2.6\commons-lang-2.6.jar;C:\Users\hamza benzy\.m2\repository\org\apache\commons\commons-lang3\3.12.0\commons-lang3-3.12.0.jar;C:\Users\hamza benzy\.m2\repository\org\codehaus\plexus\plexus-container-default\2.1.1\plexus-container-default-2.1.1.jar;C:\Users\hamza benzy\.m2\repository\org\apache\xbean\xbean-reflect\3.7\xbean-reflect-3.7.jar;C:\Users\hamza benzy\.m2\repository\junit\junit\4.13.2\junit-4.13.2.jar;C:\Users\hamza benzy\.m2\repository\org\hamcrest\hamcrest-core\1.3\hamcrest-core-1.3.jar;C:\Users\hamza benzy\.m2\repository\org\codehaus\plexus\plexus-resources\1.2.0\plexus-resources-1.2.0.jar;C:\Users\hamza benzy\.m2\repository\javax\inject\javax.inject\1\javax.inject-1.jar;"/>
    <property name="sun.cpu.endian" value="little"/>
    <property name="user.home" value="C:\Users\hamza benzy"/>
    <property name="user.language" value="fr"/>
    <property name="java.specification.vendor" value="Oracle Corporation"/>
    <property name="java.version.date" value="2019-01-15"/>
    <property name="java.home" value="C:\Program Files\Java\jdk-11.0.2"/>
    <property name="file.separator" value="\"/>
    <property name="basedir" value="C:\Users\hamza benzy\Desktop\OpenClassRooms projet04\parkingsystem"/>
    <property name="java.vm.compressedOopsMode" value="Zero based"/>
    <property name="line.separator" value="&#10;"/>
    <property name="java.specification.name" value="Java Platform API Specification"/>
    <property name="java.vm.specification.vendor" value="Oracle Corporation"/>
    <property name="java.awt.graphicsenv" value="sun.awt.Win32GraphicsEnvironment"/>
    <property name="surefire.real.class.path" value="C:\Users\HAMZAB~1\AppData\Local\Temp\surefire13391958361993280493\surefirebooter5568836592291671681.jar"/>
    <property name="user.script" value=""/>
    <property name="sun.management.compiler" value="HotSpot 64-Bit Tiered Compilers"/>
    <property name="java.runtime.version" value="11.0.2+9"/>
    <property name="user.name" value="hamza benzy"/>
    <property name="path.separator" value=";"/>
    <property name="os.version" value="10.0"/>
    <property name="java.runtime.name" value="OpenJDK Runtime Environment"/>
    <property name="file.encoding" value="Cp1252"/>
    <property name="java.vm.name" value="OpenJDK 64-Bit Server VM"/>
    <property name="java.vendor.version" value="18.9"/>
    <property name="localRepository" value="C:\Users\hamza benzy\.m2\repository"/>
    <property name="java.vendor.url.bug" value="http://bugreport.java.com/bugreport/"/>
    <property name="java.io.tmpdir" value="C:\Users\HAMZAB~1\AppData\Local\Temp\"/>
    <property name="java.version" value="11.0.2"/>
    <property name="user.dir" value="C:\Users\hamza benzy\Desktop\OpenClassRooms projet04\parkingsystem"/>
    <property name="os.arch" value="amd64"/>
    <property name="java.vm.specification.name" value="Java Virtual Machine Specification"/>
    <property name="java.awt.printerjob" value="sun.awt.windows.WPrinterJob"/>
    <property name="sun.os.patch.level" value=""/>
    <property name="java.library.path" value="C:\Program Files\Java\jdk-11.0.2\bin;C:\Windows\Sun\Java\bin;C:\Windows\system32;C:\Windows;C:\Windows\system32;C:\Windows;C:\Windows\System32\Wbem;C:\Windows\System32\WindowsPowerShell\v1.0\;C:\Windows\System32\OpenSSH\;C:\Program Files\NVIDIA Corporation\NVIDIA NvDLISR;C:\Program Files (x86)\NVIDIA Corporation\PhysX\Common;C:\Program Files\Git\cmd;C:\maven\apache-maven-3.8.7\bin;C:\Program Files\MySQL\MySQL Shell 8.0\bin\;C:\Users\hamza benzy\AppData\Local\Microsoft\WindowsApps;C:\Users\hamza benzy\AppData\Local\Programs\Microsoft VS Code\bin;C:\Program Files\Java\jdk-11.0.2\bin;;."/>
    <property name="java.vendor" value="Oracle Corporation"/>
    <property name="java.vm.info" value="mixed mode"/>
    <property name="java.vm.version" value="11.0.2+9"/>
    <property name="sun.io.unicode.encoding" value="UnicodeLittle"/>
    <property name="java.class.version" value="55.0"/>
  </properties>
  <testcase name="testReadSelection" classname="com.parkit.parkingsystem.InputReaderUtilTest" time="0.627"/>
  <testcase name="testReadVehicleRegistrationNumber" classname="com.parkit.parkingsystem.InputReaderUtilTest" time="0.036">
    <error message="No line found" type="java.util.NoSuchElementException">java.util.NoSuchElementException: No line found
	at com.parkit.parkingsystem.InputReaderUtilTest.testReadVehicleRegistrationNumber(InputReaderUtilTest.java:27)
</error>
    <system-out><![CDATA[18:13:36.054 [main] ERROR InputReaderUtil - Error while reading user input from Shell
java.util.NoSuchElementException: No line found
	at java.util.Scanner.nextLine(Scanner.java:1651) ~[?:?]
	at com.parkit.parkingsystem.util.InputReaderUtil.readVehicleRegistrationNumber(InputReaderUtil.java:26) ~[classes/:?]
	at com.parkit.parkingsystem.InputReaderUtilTest.testReadVehicleRegistrationNumber(InputReaderUtilTest.java:27) ~[test-classes/:?]
	at jdk.internal.reflect.NativeMethodAccessorImpl.invoke0(Native Method) ~[?:?]
	at jdk.internal.reflect.NativeMethodAccessorImpl.invoke(NativeMethodAccessorImpl.java:62) ~[?:?]
	at jdk.internal.reflect.DelegatingMethodAccessorImpl.invoke(DelegatingMethodAccessorImpl.java:43) ~[?:?]
	at java.lang.reflect.Method.invoke(Method.java:566) ~[?:?]
	at org.junit.platform.commons.util.ReflectionUtils.invokeMethod(ReflectionUtils.java:532) ~[junit-platform-commons-1.3.2.jar:1.3.2]
	at org.junit.jupiter.engine.execution.ExecutableInvoker.invoke(ExecutableInvoker.java:115) ~[junit-jupiter-engine-5.3.2.jar:5.3.2]
	at org.junit.jupiter.engine.descriptor.TestMethodTestDescriptor.lambda$invokeTestMethod$6(TestMethodTestDescriptor.java:171) ~[junit-jupiter-engine-5.3.2.jar:5.3.2]
	at org.junit.platform.engine.support.hierarchical.ThrowableCollector.execute(ThrowableCollector.java:72) ~[junit-platform-engine-1.3.2.jar:1.3.2]
	at org.junit.jupiter.engine.descriptor.TestMethodTestDescriptor.invokeTestMethod(TestMethodTestDescriptor.java:167) ~[junit-jupiter-engine-5.3.2.jar:5.3.2]
	at org.junit.jupiter.engine.descriptor.TestMethodTestDescriptor.execute(TestMethodTestDescriptor.java:114) ~[junit-jupiter-engine-5.3.2.jar:5.3.2]
	at org.junit.jupiter.engine.descriptor.TestMethodTestDescriptor.execute(TestMethodTestDescriptor.java:59) ~[junit-jupiter-engine-5.3.2.jar:5.3.2]
	at org.junit.platform.engine.support.hierarchical.NodeTestTask.lambda$executeRecursively$4(NodeTestTask.java:108) ~[junit-platform-engine-1.3.2.jar:1.3.2]
	at org.junit.platform.engine.support.hierarchical.ThrowableCollector.execute(ThrowableCollector.java:72) ~[junit-platform-engine-1.3.2.jar:1.3.2]
	at org.junit.platform.engine.support.hierarchical.NodeTestTask.executeRecursively(NodeTestTask.java:98) ~[junit-platform-engine-1.3.2.jar:1.3.2]
	at org.junit.platform.engine.support.hierarchical.NodeTestTask.execute(NodeTestTask.java:74) ~[junit-platform-engine-1.3.2.jar:1.3.2]
	at java.util.ArrayList.forEach(ArrayList.java:1540) ~[?:?]
	at org.junit.platform.engine.support.hierarchical.SameThreadHierarchicalTestExecutorService.invokeAll(SameThreadHierarchicalTestExecutorService.java:38) ~[junit-platform-engine-1.3.2.jar:1.3.2]
	at org.junit.platform.engine.support.hierarchical.NodeTestTask.lambda$executeRecursively$4(NodeTestTask.java:112) ~[junit-platform-engine-1.3.2.jar:1.3.2]
	at org.junit.platform.engine.support.hierarchical.ThrowableCollector.execute(ThrowableCollector.java:72) ~[junit-platform-engine-1.3.2.jar:1.3.2]
	at org.junit.platform.engine.support.hierarchical.NodeTestTask.executeRecursively(NodeTestTask.java:98) ~[junit-platform-engine-1.3.2.jar:1.3.2]
	at org.junit.platform.engine.support.hierarchical.NodeTestTask.execute(NodeTestTask.java:74) ~[junit-platform-engine-1.3.2.jar:1.3.2]
	at java.util.ArrayList.forEach(ArrayList.java:1540) ~[?:?]
	at org.junit.platform.engine.support.hierarchical.SameThreadHierarchicalTestExecutorService.invokeAll(SameThreadHierarchicalTestExecutorService.java:38) ~[junit-platform-engine-1.3.2.jar:1.3.2]
	at org.junit.platform.engine.support.hierarchical.NodeTestTask.lambda$executeRecursively$4(NodeTestTask.java:112) ~[junit-platform-engine-1.3.2.jar:1.3.2]
	at org.junit.platform.engine.support.hierarchical.ThrowableCollector.execute(ThrowableCollector.java:72) [junit-platform-engine-1.3.2.jar:1.3.2]
	at org.junit.platform.engine.support.hierarchical.NodeTestTask.executeRecursively(NodeTestTask.java:98) [junit-platform-engine-1.3.2.jar:1.3.2]
	at org.junit.platform.engine.support.hierarchical.NodeTestTask.execute(NodeTestTask.java:74) [junit-platform-engine-1.3.2.jar:1.3.2]
	at org.junit.platform.engine.support.hierarchical.SameThreadHierarchicalTestExecutorService.submit(SameThreadHierarchicalTestExecutorService.java:32) [junit-platform-engine-1.3.2.jar:1.3.2]
	at org.junit.platform.engine.support.hierarchical.HierarchicalTestExecutor.execute(HierarchicalTestExecutor.java:57) [junit-platform-engine-1.3.2.jar:1.3.2]
	at org.junit.platform.engine.support.hierarchical.HierarchicalTestEngine.execute(HierarchicalTestEngine.java:51) [junit-platform-engine-1.3.2.jar:1.3.2]
	at org.junit.platform.launcher.core.DefaultLauncher.execute(DefaultLauncher.java:170) [junit-platform-launcher-1.2.0.jar:1.2.0]
	at org.junit.platform.launcher.core.DefaultLauncher.execute(DefaultLauncher.java:154) [junit-platform-launcher-1.2.0.jar:1.2.0]
	at org.junit.platform.launcher.core.DefaultLauncher.execute(DefaultLauncher.java:90) [junit-platform-launcher-1.2.0.jar:1.2.0]
	at org.junit.platform.surefire.provider.JUnitPlatformProvider.invokeAllTests(JUnitPlatformProvider.java:132) [junit-platform-surefire-provider-1.2.0.jar:1.2.0]
	at org.junit.platform.surefire.provider.JUnitPlatformProvider.invoke(JUnitPlatformProvider.java:111) [junit-platform-surefire-provider-1.2.0.jar:1.2.0]
	at org.apache.maven.surefire.booter.ForkedBooter.invokeProviderInSameClassLoader(ForkedBooter.java:379) [surefire-booter-2.21.0.jar:2.21.0]
	at org.apache.maven.surefire.booter.ForkedBooter.runSuitesInProcess(ForkedBooter.java:340) [surefire-booter-2.21.0.jar:2.21.0]
	at org.apache.maven.surefire.booter.ForkedBooter.execute(ForkedBooter.java:125) [surefire-booter-2.21.0.jar:2.21.0]
	at org.apache.maven.surefire.booter.ForkedBooter.main(ForkedBooter.java:413) [surefire-booter-2.21.0.jar:2.21.0]
Error reading input. Please enter a valid string for vehicle registration number
]]></system-out>
  </testcase>
  <testcase name="testReadVehicleRegistrationNumberWithInvalidInput" classname="com.parkit.parkingsystem.InputReaderUtilTest" time="0.02">
    <failure message="unexpected exception type thrown; expected:&lt;java.lang.IllegalArgumentException&gt; but was:&lt;java.util.NoSuchElementException&gt;" type="java.lang.AssertionError"><![CDATA[java.lang.AssertionError: unexpected exception type thrown; expected:<java.lang.IllegalArgumentException> but was:<java.util.NoSuchElementException>
	at com.parkit.parkingsystem.InputReaderUtilTest.testReadVehicleRegistrationNumberWithInvalidInput(InputReaderUtilTest.java:39)
Caused by: java.util.NoSuchElementException: No line found
	at com.parkit.parkingsystem.InputReaderUtilTest.lambda$testReadVehicleRegistrationNumberWithInvalidInput$0(InputReaderUtilTest.java:40)
	at com.parkit.parkingsystem.InputReaderUtilTest.testReadVehicleRegistrationNumberWithInvalidInput(InputReaderUtilTest.java:39)
]]></failure>
    <system-out><![CDATA[18:13:36.086 [main] ERROR InputReaderUtil - Error while reading user input from Shell
java.util.NoSuchElementException: No line found
	at java.util.Scanner.nextLine(Scanner.java:1651) ~[?:?]
	at com.parkit.parkingsystem.util.InputReaderUtil.readVehicleRegistrationNumber(InputReaderUtil.java:26) ~[classes/:?]
	at com.parkit.parkingsystem.InputReaderUtilTest.lambda$testReadVehicleRegistrationNumberWithInvalidInput$0(InputReaderUtilTest.java:40) ~[test-classes/:?]
	at org.junit.Assert.assertThrows(Assert.java:1001) ~[junit-4.13.2.jar:4.13.2]
	at org.junit.Assert.assertThrows(Assert.java:981) ~[junit-4.13.2.jar:4.13.2]
	at com.parkit.parkingsystem.InputReaderUtilTest.testReadVehicleRegistrationNumberWithInvalidInput(InputReaderUtilTest.java:39) ~[test-classes/:?]
	at jdk.internal.reflect.NativeMethodAccessorImpl.invoke0(Native Method) ~[?:?]
	at jdk.internal.reflect.NativeMethodAccessorImpl.invoke(NativeMethodAccessorImpl.java:62) ~[?:?]
	at jdk.internal.reflect.DelegatingMethodAccessorImpl.invoke(DelegatingMethodAccessorImpl.java:43) ~[?:?]
	at java.lang.reflect.Method.invoke(Method.java:566) ~[?:?]
	at org.junit.platform.commons.util.ReflectionUtils.invokeMethod(ReflectionUtils.java:532) ~[junit-platform-commons-1.3.2.jar:1.3.2]
	at org.junit.jupiter.engine.execution.ExecutableInvoker.invoke(ExecutableInvoker.java:115) ~[junit-jupiter-engine-5.3.2.jar:5.3.2]
	at org.junit.jupiter.engine.descriptor.TestMethodTestDescriptor.lambda$invokeTestMethod$6(TestMethodTestDescriptor.java:171) ~[junit-jupiter-engine-5.3.2.jar:5.3.2]
	at org.junit.platform.engine.support.hierarchical.ThrowableCollector.execute(ThrowableCollector.java:72) ~[junit-platform-engine-1.3.2.jar:1.3.2]
	at org.junit.jupiter.engine.descriptor.TestMethodTestDescriptor.invokeTestMethod(TestMethodTestDescriptor.java:167) ~[junit-jupiter-engine-5.3.2.jar:5.3.2]
	at org.junit.jupiter.engine.descriptor.TestMethodTestDescriptor.execute(TestMethodTestDescriptor.java:114) ~[junit-jupiter-engine-5.3.2.jar:5.3.2]
	at org.junit.jupiter.engine.descriptor.TestMethodTestDescriptor.execute(TestMethodTestDescriptor.java:59) ~[junit-jupiter-engine-5.3.2.jar:5.3.2]
	at org.junit.platform.engine.support.hierarchical.NodeTestTask.lambda$executeRecursively$4(NodeTestTask.java:108) ~[junit-platform-engine-1.3.2.jar:1.3.2]
	at org.junit.platform.engine.support.hierarchical.ThrowableCollector.execute(ThrowableCollector.java:72) ~[junit-platform-engine-1.3.2.jar:1.3.2]
	at org.junit.platform.engine.support.hierarchical.NodeTestTask.executeRecursively(NodeTestTask.java:98) ~[junit-platform-engine-1.3.2.jar:1.3.2]
	at org.junit.platform.engine.support.hierarchical.NodeTestTask.execute(NodeTestTask.java:74) ~[junit-platform-engine-1.3.2.jar:1.3.2]
	at java.util.ArrayList.forEach(ArrayList.java:1540) ~[?:?]
	at org.junit.platform.engine.support.hierarchical.SameThreadHierarchicalTestExecutorService.invokeAll(SameThreadHierarchicalTestExecutorService.java:38) ~[junit-platform-engine-1.3.2.jar:1.3.2]
	at org.junit.platform.engine.support.hierarchical.NodeTestTask.lambda$executeRecursively$4(NodeTestTask.java:112) ~[junit-platform-engine-1.3.2.jar:1.3.2]
	at org.junit.platform.engine.support.hierarchical.ThrowableCollector.execute(ThrowableCollector.java:72) ~[junit-platform-engine-1.3.2.jar:1.3.2]
	at org.junit.platform.engine.support.hierarchical.NodeTestTask.executeRecursively(NodeTestTask.java:98) ~[junit-platform-engine-1.3.2.jar:1.3.2]
	at org.junit.platform.engine.support.hierarchical.NodeTestTask.execute(NodeTestTask.java:74) ~[junit-platform-engine-1.3.2.jar:1.3.2]
	at java.util.ArrayList.forEach(ArrayList.java:1540) ~[?:?]
	at org.junit.platform.engine.support.hierarchical.SameThreadHierarchicalTestExecutorService.invokeAll(SameThreadHierarchicalTestExecutorService.java:38) ~[junit-platform-engine-1.3.2.jar:1.3.2]
	at org.junit.platform.engine.support.hierarchical.NodeTestTask.lambda$executeRecursively$4(NodeTestTask.java:112) ~[junit-platform-engine-1.3.2.jar:1.3.2]
	at org.junit.platform.engine.support.hierarchical.ThrowableCollector.execute(ThrowableCollector.java:72) [junit-platform-engine-1.3.2.jar:1.3.2]
	at org.junit.platform.engine.support.hierarchical.NodeTestTask.executeRecursively(NodeTestTask.java:98) [junit-platform-engine-1.3.2.jar:1.3.2]
	at org.junit.platform.engine.support.hierarchical.NodeTestTask.execute(NodeTestTask.java:74) [junit-platform-engine-1.3.2.jar:1.3.2]
	at org.junit.platform.engine.support.hierarchical.SameThreadHierarchicalTestExecutorService.submit(SameThreadHierarchicalTestExecutorService.java:32) [junit-platform-engine-1.3.2.jar:1.3.2]
	at org.junit.platform.engine.support.hierarchical.HierarchicalTestExecutor.execute(HierarchicalTestExecutor.java:57) [junit-platform-engine-1.3.2.jar:1.3.2]
	at org.junit.platform.engine.support.hierarchical.HierarchicalTestEngine.execute(HierarchicalTestEngine.java:51) [junit-platform-engine-1.3.2.jar:1.3.2]
	at org.junit.platform.launcher.core.DefaultLauncher.execute(DefaultLauncher.java:170) [junit-platform-launcher-1.2.0.jar:1.2.0]
	at org.junit.platform.launcher.core.DefaultLauncher.execute(DefaultLauncher.java:154) [junit-platform-launcher-1.2.0.jar:1.2.0]
	at org.junit.platform.launcher.core.DefaultLauncher.execute(DefaultLauncher.java:90) [junit-platform-launcher-1.2.0.jar:1.2.0]
	at org.junit.platform.surefire.provider.JUnitPlatformProvider.invokeAllTests(JUnitPlatformProvider.java:132) [junit-platform-surefire-provider-1.2.0.jar:1.2.0]
	at org.junit.platform.surefire.provider.JUnitPlatformProvider.invoke(JUnitPlatformProvider.java:111) [junit-platform-surefire-provider-1.2.0.jar:1.2.0]
	at org.apache.maven.surefire.booter.ForkedBooter.invokeProviderInSameClassLoader(ForkedBooter.java:379) [surefire-booter-2.21.0.jar:2.21.0]
	at org.apache.maven.surefire.booter.ForkedBooter.runSuitesInProcess(ForkedBooter.java:340) [surefire-booter-2.21.0.jar:2.21.0]
	at org.apache.maven.surefire.booter.ForkedBooter.execute(ForkedBooter.java:125) [surefire-booter-2.21.0.jar:2.21.0]
	at org.apache.maven.surefire.booter.ForkedBooter.main(ForkedBooter.java:413) [surefire-booter-2.21.0.jar:2.21.0]
Error reading input. Please enter a valid string for vehicle registration number
]]></system-out>
  </testcase>
  <testcase name="ReadSelectionWithInvalidInput" classname="com.parkit.parkingsystem.InputReaderUtilTest" time="0.008"/>
</testsuite>